<?xml version="1.0" encoding="UTF-8"?>
<!-- Generated by org.testng.reporters.JUnitXMLReporter -->
<testsuite ignored="2" hostname="LTIN676906" failures="0" tests="1" name="Cab Booking Tests" time="42.3" errors="0" timestamp="2026-01-20T11:56:31 IST">
  <testcase classname="com.cts.mmt.tests.CabBookingTest" name="testBookOutstationCabDelhiToManali" time="42.131"/>
  <testcase classname="com.cts.mmt.tests.CabBookingTest" name="testNavigationFromCabsToHome" time="0.0">
    <ignored/>
  </testcase> <!-- testNavigationFromCabsToHome -->
  <testcase classname="com.cts.mmt.tests.CabBookingTest" name="testCabSearchWithValidCities" time="0.0">
    <ignored/>
  </testcase> <!-- testCabSearchWithValidCities -->
</testsuite> <!-- Cab Booking Tests -->
