<?xml version="1.0" encoding="UTF-8"?>
<!-- Generated by org.testng.reporters.JUnitXMLReporter -->
<testsuite ignored="2" hostname="LTIN676906" failures="0" tests="1" name="Gift Card Tests" time="18.298" errors="0" timestamp="2026-01-20T11:56:50 IST">
  <testcase classname="com.cts.mmt.tests.GiftCardTest" name="testGiftCardWithInvalidEmail" time="18.292"/>
  <testcase classname="com.cts.mmt.tests.GiftCardTest" name="testNavigateToGiftCardsPage" time="0.0">
    <ignored/>
  </testcase> <!-- testNavigateToGiftCardsPage -->
  <testcase classname="com.cts.mmt.tests.GiftCardTest" name="testGiftCardFormWithValidData" time="0.0">
    <ignored/>
  </testcase> <!-- testGiftCardFormWithValidData -->
</testsuite> <!-- Gift Card Tests -->
