<?xml version="1.0" encoding="UTF-8"?>
<!-- Generated by org.testng.reporters.JUnitXMLReporter -->
<testsuite ignored="3" hostname="LTIN676906" failures="0" tests="1" name="Hotel Page Tests" time="22.884" errors="0" timestamp="2026-01-20T11:57:13 IST">
  <testcase classname="com.cts.mmt.tests.HotelPageTest" name="testExtractAdultPersonNumbers" time="22.865"/>
  <testcase classname="com.cts.mmt.tests.HotelPageTest" name="testHotelsPageDisplay" time="0.0">
    <ignored/>
  </testcase> <!-- testHotelsPageDisplay -->
  <testcase classname="com.cts.mmt.tests.HotelPageTest" name="testCompleteNavigationWorkflow" time="0.0">
    <ignored/>
  </testcase> <!-- testCompleteNavigationWorkflow -->
  <testcase classname="com.cts.mmt.tests.HotelPageTest" name="testNavigationFromCabsToHotels" time="0.0">
    <ignored/>
  </testcase> <!-- testNavigationFromCabsToHotels -->
</testsuite> <!-- Hotel Page Tests -->
