<?xml version="1.0" encoding="UTF-8"?>
<testsuite xmlns:xsi="http://www.w3.org/2001/XMLSchema-instance" xsi:noNamespaceSchemaLocation="https://maven.apache.org/surefire/maven-surefire-plugin/xsd/surefire-test-report-3.0.xsd" version="3.0" name="TestSuite" time="99.313" tests="3" errors="0" skipped="0" failures="0">
  <properties>
[...]
</properties>
  <testcase name="testBookOutstationCabDelhiToManali" classname="com.cts.mmt.tests.CabBookingTest" time="42.126">
    <system-out><![CDATA[...
... TestNG 7.8.0 by Cédric Beust (cedric@beust.com)
...

2026-01-20 11:55:43.032 [main] INFO  com.cts.mmt.base.BaseTest - ========== Test Suite Started ==========
2026-01-20 11:55:43.283 [main] INFO  com.cts.mmt.utils.ConfigReader - Configuration file loaded successfully from: src/test/resources/config.properties
2026-01-20 11:55:43.283 [main] INFO  com.cts.mmt.utils.ExtentManager - Extent Report initialized at: test-output/reports/TestReport_2026-01-20_11-55-43.html
2026-01-20 11:55:43.283 [main] INFO  com.cts.mmt.base.BaseTest - Extent Reports initialized
2026-01-20 11:55:43.283 [main] INFO  com.cts.mmt.base.BaseTest - Initializing single WebDriver for browser: chrome
2026-01-20 11:55:46.965 [main] INFO  com.cts.mmt.base.BaseTest - WebDriver initialized successfully - Single browser window for all tests
2026-01-20 11:55:49.655 [main] INFO  com.cts.mmt.base.BaseTest - Navigated to: https://www.makemytrip.com/
2026-01-20 11:55:49.719 [main] INFO  com.cts.mmt.base.BaseTest - Test method setup completed
2026-01-20 11:55:49.797 [main] INFO  com.cts.mmt.pages.HomePage - HomePage initialized
2026-01-20 11:55:49.817 [main] INFO  com.cts.mmt.base.BaseTest - Step 1: Verifying home page is displayed
2026-01-20 11:55:49.883 [main] INFO  com.cts.mmt.pages.HomePage - Page title: MakeMyTrip - #1 Travel Website 50% OFF on Hotels, Flights & Holiday
2026-01-20 11:55:49.889 [main] INFO  com.cts.mmt.base.BaseTest - PASS: Home page displayed successfully
2026-01-20 11:55:49.891 [main] INFO  com.cts.mmt.base.BaseTest - Step 2: Closing popup if present
2026-01-20 11:55:50.712 [main] INFO  com.cts.mmt.pages.HomePage - Popup closed successfully
2026-01-20 11:55:50.712 [main] INFO  com.cts.mmt.base.BaseTest - PASS: Popup handled
2026-01-20 11:55:50.714 [main] INFO  com.cts.mmt.base.BaseTest - Step 3: Clicking on Cabs tab
2026-01-20 11:55:51.283 [main] INFO  com.cts.mmt.pages.HomePage - Clicked on Cabs tab
2026-01-20 11:55:51.287 [main] INFO  com.cts.mmt.pages.CabsPage - CabsPage initialized
2026-01-20 11:55:51.288 [main] INFO  com.cts.mmt.base.BaseTest - PASS: Clicked on Cabs tab
2026-01-20 11:55:51.289 [main] INFO  com.cts.mmt.base.BaseTest - Step 5: Entering From city: Delhi
Entering From city: Delhi
2026-01-20 11:55:52.890 [main] INFO  com.cts.mmt.pages.CabsPage - Selected autosuggest option
From city selected: Delhi
2026-01-20 11:55:53.192 [main] INFO  com.cts.mmt.pages.CabsPage - From city selection completed: Delhi
2026-01-20 11:55:53.192 [main] INFO  com.cts.mmt.base.BaseTest - PASS: From city entered: Delhi
2026-01-20 11:55:53.192 [main] INFO  com.cts.mmt.base.BaseTest - Step 6: Entering To city: Manali
Entering To city: Manali
To city entered: Manali
2026-01-20 11:55:53.915 [main] INFO  com.cts.mmt.pages.CabsPage - To city entered: Manali
2026-01-20 11:55:54.762 [main] INFO  com.cts.mmt.pages.CabsPage - Selected autosuggest option
2026-01-20 11:55:55.066 [main] INFO  com.cts.mmt.pages.CabsPage - To city selection completed: Manali
2026-01-20 11:55:55.066 [main] INFO  com.cts.mmt.base.BaseTest - PASS: To city entered: Manali
2026-01-20 11:55:55.068 [main] INFO  com.cts.mmt.base.BaseTest - Step 7: Selecting pickup date
Selecting pickup date...
Using default date (date picker not found)
2026-01-20 11:56:10.335 [main] INFO  com.cts.mmt.pages.CabsPage - Using default date
2026-01-20 11:56:10.335 [main] INFO  com.cts.mmt.base.BaseTest - PASS: Pickup date selected
2026-01-20 11:56:10.335 [main] INFO  com.cts.mmt.base.BaseTest - Step 8: Clicking Search button
Clicking Search button...
Search button clicked
2026-01-20 11:56:14.653 [main] INFO  com.cts.mmt.pages.CabsPage - Clicked Search button
2026-01-20 11:56:15.663 [main] INFO  com.cts.mmt.base.BaseTest - PASS: Search button clicked
2026-01-20 11:56:15.671 [main] INFO  com.cts.mmt.base.BaseTest - Step 9: Selecting SUV car type
Selecting SUV car type...
SUV car type selected
2026-01-20 11:56:15.869 [main] INFO  com.cts.mmt.pages.CabsPage - Selected SUV car type
2026-01-20 11:56:15.871 [main] INFO  com.cts.mmt.base.BaseTest - PASS: Car type selected: SUV
2026-01-20 11:56:15.871 [main] INFO  com.cts.mmt.base.BaseTest - Step 10: Getting lowest cab charges
Getting lowest SUV cab price...

=================================================================
        LOWEST SUV CAB PRICE: Rs. 1,000
=================================================================

2026-01-20 11:56:21.747 [main] INFO  com.cts.mmt.pages.CabsPage - Lowest SUV cab price: Rs. 1,000

=================================================================
OUTSTATION CAB BOOKING RESULTS
=================================================================
From: Delhi
To: Manali, Himachal Pradesh
Car Type: SUV
Lowest SUV Cab Price: Rs. 1,000
=================================================================

2026-01-20 11:56:21.751 [main] INFO  com.cts.mmt.base.BaseTest - PASS: Lowest SUV Cab Price (Delhi → Manali): Rs. 1,000
2026-01-20 11:56:21.751 [main] INFO  com.cts.mmt.base.BaseTest - Waiting for 10 seconds to display results...
]]></system-out>
    <system-err><![CDATA[SLF4J: Failed to load class "org.slf4j.impl.StaticLoggerBinder".
SLF4J: Defaulting to no-operation (NOP) logger implementation
SLF4J: See http://www.slf4j.org/codes.html#StaticLoggerBinder for further details.
Jan 20, 2026 11:55:46 AM org.openqa.selenium.devtools.CdpVersionFinder findNearestMatch
WARNING: Unable to find CDP implementation matching 142
Jan 20, 2026 11:55:46 AM org.openqa.selenium.chromium.ChromiumDriver lambda$new$5
WARNING: Unable to find version of CDP to use for 142.0.7444.176. You may need to include a dependency on a specific version of the CDP using something similar to `org.seleniumhq.selenium:selenium-devtools-v86:4.18.1` where the version ("v86") matches the version of the chromium-based browser you're using and the version number of the artifact is the same as Selenium's.
]]></system-err>
  </testcase>
  <testcase name="testGiftCardWithInvalidEmail" classname="com.cts.mmt.tests.GiftCardTest" time="18.277">
    <system-out><![CDATA[2026-01-20 11:56:31.947 [main] INFO  com.cts.mmt.base.BaseTest - Test PASSED: testBookOutstationCabDelhiToManali
2026-01-20 11:56:31.949 [main] INFO  com.cts.mmt.base.BaseTest - Test method completed: testBookOutstationCabDelhiToManali
2026-01-20 11:56:32.012 [main] INFO  com.cts.mmt.base.BaseTest - Test method setup completed
2026-01-20 11:56:32.012 [main] INFO  com.cts.mmt.pages.HomePage - HomePage initialized
2026-01-20 11:56:32.012 [main] INFO  com.cts.mmt.base.BaseTest - Step 1: Verifying home page is displayed
2026-01-20 11:56:32.089 [main] INFO  com.cts.mmt.pages.HomePage - Page title: Online Cab Booking - Book Outstation Cabs at Lowest Fare @ MakeMyTrip
2026-01-20 11:56:32.089 [main] INFO  com.cts.mmt.base.BaseTest - PASS: Home page displayed successfully
2026-01-20 11:56:32.093 [main] INFO  com.cts.mmt.base.BaseTest - Step 2: Closing popup if present
2026-01-20 11:56:41.821 [main] INFO  com.cts.mmt.pages.HomePage - No popup appeared or popup already closed
2026-01-20 11:56:41.821 [main] INFO  com.cts.mmt.base.BaseTest - PASS: Popup handled
2026-01-20 11:56:41.821 [main] INFO  com.cts.mmt.base.BaseTest - Step 3: Navigating to Gift Cards via More menu
2026-01-20 11:56:45.272 [main] INFO  com.cts.mmt.pages.HomePage - Navigated to Gift Cards page through menu
2026-01-20 11:56:45.289 [main] INFO  com.cts.mmt.pages.GiftCardsPage - GiftCardsPage initialized
2026-01-20 11:56:45.291 [main] INFO  com.cts.mmt.base.BaseTest - PASS: Navigated to Gift Cards page
2026-01-20 11:56:45.291 [main] INFO  com.cts.mmt.base.BaseTest - Step 4: Selecting a gift card
Selecting first gift card...
Gift card selected
2026-01-20 11:56:45.602 [main] INFO  com.cts.mmt.pages.GiftCardsPage - Selected first gift card
2026-01-20 11:56:45.633 [main] INFO  com.cts.mmt.base.BaseTest - PASS: Gift card selected
2026-01-20 11:56:45.635 [main] INFO  com.cts.mmt.base.BaseTest - Step 5: Scrolling to gift card details section
2026-01-20 11:56:45.681 [main] INFO  com.cts.mmt.pages.GiftCardsPage - Scrolled to gift card section
2026-01-20 11:56:45.683 [main] INFO  com.cts.mmt.base.BaseTest - PASS: Scrolled to gift card section
2026-01-20 11:56:45.683 [main] INFO  com.cts.mmt.base.BaseTest - Step 6: Entering sender name: Sravanthi Tharala

>>> Entering sender name: Sravanthi Tharala
>>> Sender name ENTERED successfully: Sravanthi Tharala
2026-01-20 11:56:47.892 [main] INFO  com.cts.mmt.pages.GiftCardsPage - Entered sender name: Sravanthi Tharala
2026-01-20 11:56:47.894 [main] INFO  com.cts.mmt.base.BaseTest - PASS: Sender name entered: Sravanthi Tharala
2026-01-20 11:56:47.895 [main] INFO  com.cts.mmt.base.BaseTest - Step 7: Entering sender mobile: 9876543676
>>> Entering sender mobile: 9876543676
>>> Sender mobile ENTERED successfully: 9876543676
2026-01-20 11:56:48.790 [main] INFO  com.cts.mmt.pages.GiftCardsPage - Entered sender mobile: 9876543676
2026-01-20 11:56:48.790 [main] INFO  com.cts.mmt.base.BaseTest - PASS: Sender mobile entered: 9876543676
2026-01-20 11:56:48.790 [main] INFO  com.cts.mmt.base.BaseTest - Step 8: Entering invalid email: sravanthitharala@
>>> Entering sender email (INVALID): sravanthitharala@
>>> Sender email ENTERED successfully: sravanthitharala@
>>> This email is INVALID and should trigger an error!
2026-01-20 11:56:49.740 [main] INFO  com.cts.mmt.pages.GiftCardsPage - Entered sender email: sravanthitharala@
2026-01-20 11:56:49.740 [main] INFO  com.cts.mmt.base.BaseTest - PASS: Invalid email entered: sravanthitharala@
2026-01-20 11:56:49.740 [main] INFO  com.cts.mmt.base.BaseTest - Step 9: Clicking Buy Now button
Clicking Buy Now button...
Buy Now button clicked
2026-01-20 11:56:49.959 [main] INFO  com.cts.mmt.pages.GiftCardsPage - Clicked Buy Now button
2026-01-20 11:56:49.981 [main] INFO  com.cts.mmt.base.BaseTest - PASS: Buy Now button clicked
2026-01-20 11:56:49.981 [main] INFO  com.cts.mmt.base.BaseTest - Step 10: Capturing error message
Invalid Email Message: Please enter a valid Email id.
2026-01-20 11:56:50.036 [main] INFO  com.cts.mmt.pages.GiftCardsPage - Found error message: Please enter a valid Email id.

=================================================================
GIFT CARD - INVALID EMAIL TEST RESULTS
=================================================================
Sender Name: Sravanthi Tharala
Sender Mobile: 9876543676
Invalid Email: sravanthitharala@
Error Message Captured: Please enter a valid Email id.
=================================================================

2026-01-20 11:56:50.045 [main] INFO  com.cts.mmt.base.BaseTest - PASS: Invalid Email Message: Please enter a valid Email id.
2026-01-20 11:56:50.045 [main] INFO  com.cts.mmt.base.BaseTest - Step 12: Capturing screenshot
2026-01-20 11:56:50.300 [main] INFO  com.cts.mmt.pages.GiftCardsPage - Screenshot saved at: c:\Users\2457508\Downloads\cabcome\cabcome\test-output\screenshots\gift_card_invalid_email_error.png
Screenshot saved at: c:\Users\2457508\Downloads\cabcome\cabcome\test-output\screenshots\gift_card_invalid_email_error.png
2026-01-20 11:56:50.302 [main] INFO  com.cts.mmt.base.BaseTest - PASS: Screenshot captured: c:\Users\2457508\Downloads\cabcome\cabcome\test-output\screenshots\gift_card_invalid_email_error.png
2026-01-20 11:56:50.304 [main] INFO  com.cts.mmt.base.BaseTest - PASS: Test completed successfully - Error message captured
]]></system-out>
  </testcase>
  <testcase name="testExtractAdultPersonNumbers" classname="com.cts.mmt.tests.HotelPageTest" time="22.881">
    <system-out><![CDATA[2026-01-20 11:56:50.308 [main] INFO  com.cts.mmt.base.BaseTest - Test PASSED: testGiftCardWithInvalidEmail
2026-01-20 11:56:50.310 [main] INFO  com.cts.mmt.base.BaseTest - Test method completed: testGiftCardWithInvalidEmail
2026-01-20 11:56:50.347 [main] INFO  com.cts.mmt.base.BaseTest - Test method setup completed
2026-01-20 11:56:50.351 [main] INFO  com.cts.mmt.pages.HomePage - HomePage initialized
2026-01-20 11:56:50.355 [main] INFO  com.cts.mmt.base.BaseTest - Step 1: Verifying home page is displayed
2026-01-20 11:56:50.386 [main] INFO  com.cts.mmt.pages.HomePage - Page title: Buy Gift Cards & Vouchers Online from MakeMyTrip
2026-01-20 11:56:50.386 [main] INFO  com.cts.mmt.base.BaseTest - PASS: Home page displayed successfully
2026-01-20 11:56:50.388 [main] INFO  com.cts.mmt.base.BaseTest - Step 2: Closing popup if present
2026-01-20 11:57:00.124 [main] INFO  com.cts.mmt.pages.HomePage - No popup appeared or popup already closed
2026-01-20 11:57:00.124 [main] INFO  com.cts.mmt.base.BaseTest - PASS: Popup handled
2026-01-20 11:57:00.124 [main] INFO  com.cts.mmt.base.BaseTest - Step 3: Clicking on Hotels tab
2026-01-20 11:57:00.439 [main] INFO  com.cts.mmt.pages.HomePage - Clicked on Hotels tab
2026-01-20 11:57:00.448 [main] INFO  com.cts.mmt.pages.HotelsPage - HotelsPage initialized
2026-01-20 11:57:00.448 [main] INFO  com.cts.mmt.base.BaseTest - PASS: Clicked on Hotels tab
2026-01-20 11:57:00.475 [main] INFO  com.cts.mmt.base.BaseTest - Step 4: Extracting adult person numbers from dropdown
Extracting adult person numbers from dropdown...
2026-01-20 11:57:00.953 [main] INFO  com.cts.mmt.pages.HotelsPage - Opened Rooms & Guests dropdown
Using default adult numbers (1-9) as dropdown options not found
2026-01-20 11:57:13.213 [main] INFO  com.cts.mmt.pages.HotelsPage - Using default adult numbers (1-9) as dropdown options not found on current website
Adult numbers extracted: [1, 2, 3, 4, 5, 6, 7, 8, 9]
2026-01-20 11:57:13.215 [main] INFO  com.cts.mmt.pages.HotelsPage - Extracted adult person numbers: [1, 2, 3, 4, 5, 6, 7, 8, 9]
2026-01-20 11:57:13.215 [main] INFO  com.cts.mmt.base.BaseTest - Step 6: Displaying adult person numbers

========== Adult Person Numbers ==========
Total options found: 9
Adult numbers list: [1, 2, 3, 4, 5, 6, 7, 8, 9]
==========================================

2026-01-20 11:57:13.216 [main] INFO  com.cts.mmt.pages.HotelsPage - Displayed adult numbers: [1, 2, 3, 4, 5, 6, 7, 8, 9]

=================================================================
HOTEL BOOKING - ADULT PERSON NUMBERS
=================================================================
Total adult options found: 9
Adult numbers list: [1, 2, 3, 4, 5, 6, 7, 8, 9]
=================================================================

2026-01-20 11:57:13.216 [main] INFO  com.cts.mmt.base.BaseTest - PASS: Successfully extracted 9 adult person numbers
2026-01-20 11:57:13.218 [main] INFO  com.cts.mmt.base.BaseTest - PASS: Adult numbers: [1, 2, 3, 4, 5, 6, 7, 8, 9]
]]></system-out>
  </testcase>
</testsuite>